# JRE version: OpenJDK Runtime Environment (Zulu 8.46.0.19-CA-win64) (8.0_252-b14) (build 1.8.0_252-b14)
# Java VM: OpenJDK 64-Bit Server VM (25.252-b14 mixed mode windows-amd64 compressed oops)
Heap:
 PSYoungGen      total 122368K, used 14768K [0x0000000780700000, 0x0000000789900000, 0x00000007c0000000)
  eden space 108032K, 3% used [0x0000000780700000,0x0000000780b0a730,0x0000000787080000)
  from space 14336K, 74% used [0x0000000787080000,0x0000000787ae1c90,0x0000000787e80000)
  to   space 14848K, 0% used [0x0000000788a80000,0x0000000788a80000,0x0000000789900000)
 ParOldGen       total 88576K, used 9218K [0x0000000701400000, 0x0000000706a80000, 0x0000000780700000)
  object space 88576K, 10% used [0x0000000701400000,0x0000000701d00988,0x0000000706a80000)
 Metaspace       used 27214K, capacity 27826K, committed 27904K, reserved 1073152K
  class space    used 3086K, capacity 3299K, committed 3328K, reserved 1048576K
GC Heap History (10 events):
Event: 24.894 GC heap before
{Heap before GC invocations=6 (full 1):
 PSYoungGen      total 69632K, used 69393K [0x0000000780700000, 0x0000000787100000, 0x00000007c0000000)
  eden space 67584K, 100% used [0x0000000780700000,0x0000000784900000,0x0000000784900000)
  from space 2048K, 88% used [0x0000000786f00000,0x00000007870c4630,0x0000000787100000)
  to   space 8192K, 0% used [0x0000000786100000,0x0000000786100000,0x0000000786900000)
 ParOldGen       total 88576K, used 9186K [0x0000000701400000, 0x0000000706a80000, 0x0000000780700000)
  object space 88576K, 10% used [0x0000000701400000,0x0000000701cf8988,0x0000000706a80000)
 Metaspace       used 21747K, capacity 22136K, committed 22320K, reserved 1069056K
  class space    used 2502K, capacity 2662K, committed 2688K, reserved 1048576K
Event: 24.901 GC heap after
Heap after GC invocations=6 (full 1):
 PSYoungGen      total 96768K, used 2800K [0x0000000780700000, 0x0000000787680000, 0x00000007c0000000)
  eden space 88576K, 0% used [0x0000000780700000,0x0000000780700000,0x0000000785d80000)
  from space 8192K, 34% used [0x0000000786100000,0x00000007863bc250,0x0000000786900000)
  to   space 12800K, 0% used [0x0000000786a00000,0x0000000786a00000,0x0000000787680000)
 ParOldGen       total 88576K, used 9186K [0x0000000701400000, 0x0000000706a80000, 0x0000000780700000)
  object space 88576K, 10% used [0x0000000701400000,0x0000000701cf8988,0x0000000706a80000)
 Metaspace       used 21747K, capacity 22136K, committed 22320K, reserved 1069056K
  class space    used 2502K, capacity 2662K, committed 2688K, reserved 1048576K
}
Event: 39.361 GC heap before
{Heap before GC invocations=7 (full 1):
 PSYoungGen      total 96768K, used 90644K [0x0000000780700000, 0x0000000787680000, 0x00000007c0000000)
  eden space 88576K, 99% used [0x0000000780700000,0x0000000785cc8e20,0x0000000785d80000)
  from space 8192K, 34% used [0x0000000786100000,0x00000007863bc250,0x0000000786900000)
  to   space 12800K, 0% used [0x0000000786a00000,0x0000000786a00000,0x0000000787680000)
 ParOldGen       total 88576K, used 9186K [0x0000000701400000, 0x0000000706a80000, 0x0000000780700000)
  object space 88576K, 10% used [0x0000000701400000,0x0000000701cf8988,0x0000000706a80000)
 Metaspace       used 21974K, capacity 22328K, committed 22576K, reserved 1069056K
  class space    used 2503K, capacity 2662K, committed 2688K, reserved 1048576K
Event: 39.374 GC heap after
Heap after GC invocations=7 (full 1):
 PSYoungGen      total 101888K, used 4929K [0x0000000780700000, 0x0000000788c00000, 0x00000007c0000000)
  eden space 89088K, 0% used [0x0000000780700000,0x0000000780700000,0x0000000785e00000)
  from space 12800K, 38% used [0x0000000786a00000,0x0000000786ed0480,0x0000000787680000)
  to   space 12288K, 0% used [0x0000000785e00000,0x0000000785e00000,0x0000000786a00000)
 ParOldGen       total 88576K, used 9194K [0x0000000701400000, 0x0000000706a80000, 0x0000000780700000)
  object space 88576K, 10% used [0x0000000701400000,0x0000000701cfa988,0x0000000706a80000)
 Metaspace       used 21974K, capacity 22328K, committed 22576K, reserved 1069056K
  class space    used 2503K, capacity 2662K, committed 2688K, reserved 1048576K
}
Event: 49.033 GC heap before
{Heap before GC invocations=8 (full 1):
 PSYoungGen      total 101888K, used 94017K [0x0000000780700000, 0x0000000788c00000, 0x00000007c0000000)
  eden space 89088K, 100% used [0x0000000780700000,0x0000000785e00000,0x0000000785e00000)
  from space 12800K, 38% used [0x0000000786a00000,0x0000000786ed0480,0x0000000787680000)
  to   space 12288K, 0% used [0x0000000785e00000,0x0000000785e00000,0x0000000786a00000)
 ParOldGen       total 88576K, used 9194K [0x0000000701400000, 0x0000000706a80000, 0x0000000780700000)
  object space 88576K, 10% used [0x0000000701400000,0x0000000701cfa988,0x0000000706a80000)
 Metaspace       used 22617K, capacity 23030K, committed 23216K, reserved 1069056K
  class space    used 2533K, capacity 2699K, committed 2816K, reserved 1048576K
Event: 49.056 GC heap after
Heap after GC invocations=8 (full 1):
 PSYoungGen      total 101376K, used 10307K [0x0000000780700000, 0x0000000788c00000, 0x00000007c0000000)
  eden space 89088K, 0% used [0x0000000780700000,0x0000000780700000,0x0000000785e00000)
  from space 12288K, 83% used [0x0000000785e00000,0x0000000786810d80,0x0000000786a00000)
  to   space 13312K, 0% used [0x0000000787f00000,0x0000000787f00000,0x0000000788c00000)
 ParOldGen       total 88576K, used 9202K [0x0000000701400000, 0x0000000706a80000, 0x0000000780700000)
  object space 88576K, 10% used [0x0000000701400000,0x0000000701cfc988,0x0000000706a80000)
 Metaspace       used 22617K, capacity 23030K, committed 23216K, reserved 1069056K
  class space    used 2533K, capacity 2699K, committed 2816K, reserved 1048576K
}
Event: 53.292 GC heap before
{Heap before GC invocations=9 (full 1):
 PSYoungGen      total 101376K, used 98597K [0x0000000780700000, 0x0000000788c00000, 0x00000007c0000000)
  eden space 89088K, 99% used [0x0000000780700000,0x0000000785d38988,0x0000000785e00000)
  from space 12288K, 83% used [0x0000000785e00000,0x0000000786810d80,0x0000000786a00000)
  to   space 13312K, 0% used [0x0000000787f00000,0x0000000787f00000,0x0000000788c00000)
 ParOldGen       total 88576K, used 9202K [0x0000000701400000, 0x0000000706a80000, 0x0000000780700000)
  object space 88576K, 10% used [0x0000000701400000,0x0000000701cfc988,0x0000000706a80000)
 Metaspace       used 22740K, capacity 23094K, committed 23296K, reserved 1069056K
  class space    used 2533K, capacity 2699K, committed 2816K, reserved 1048576K
Event: 53.304 GC heap after
Heap after GC invocations=9 (full 1):
 PSYoungGen      total 121344K, used 10018K [0x0000000780700000, 0x0000000788c80000, 0x00000007c0000000)
  eden space 108032K, 0% used [0x0000000780700000,0x0000000780700000,0x0000000787080000)
  from space 13312K, 75% used [0x0000000787f00000,0x00000007888c8910,0x0000000788c00000)
  to   space 14336K, 0% used [0x0000000787080000,0x0000000787080000,0x0000000787e80000)
 ParOldGen       total 88576K, used 9210K [0x0000000701400000, 0x0000000706a80000, 0x0000000780700000)
  object space 88576K, 10% used [0x0000000701400000,0x0000000701cfe988,0x0000000706a80000)
 Metaspace       used 22740K, capacity 23094K, committed 23296K, reserved 1069056K
  class space    used 2533K, capacity 2699K, committed 2816K, reserved 1048576K
}
Event: 65.023 GC heap before
{Heap before GC invocations=10 (full 1):
 PSYoungGen      total 121344K, used 118050K [0x0000000780700000, 0x0000000788c80000, 0x00000007c0000000)
  eden space 108032K, 100% used [0x0000000780700000,0x0000000787080000,0x0000000787080000)
  from space 13312K, 75% used [0x0000000787f00000,0x00000007888c8910,0x0000000788c00000)
  to   space 14336K, 0% used [0x0000000787080000,0x0000000787080000,0x0000000787e80000)
 ParOldGen       total 88576K, used 9210K [0x0000000701400000, 0x0000000706a80000, 0x0000000780700000)
  object space 88576K, 10% used [0x0000000701400000,0x0000000701cfe988,0x0000000706a80000)
 Metaspace       used 26199K, capacity 26802K, committed 27008K, reserved 1073152K
  class space    used 2961K, capacity 3171K, committed 3200K, reserved 1048576K
Event: 65.038 GC heap after
Heap after GC invocations=10 (full 1):
 PSYoungGen      total 122368K, used 10631K [0x0000000780700000, 0x0000000789900000, 0x00000007c0000000)
  eden space 108032K, 0% used [0x0000000780700000,0x0000000780700000,0x0000000787080000)
  from space 14336K, 74% used [0x0000000787080000,0x0000000787ae1c90,0x0000000787e80000)
  to   space 14848K, 0% used [0x0000000788a80000,0x0000000788a80000,0x0000000789900000)
 ParOldGen       total 88576K, used 9218K [0x0000000701400000, 0x0000000706a80000, 0x0000000780700000)
  object space 88576K, 10% used [0x0000000701400000,0x0000000701d00988,0x0000000706a80000)
 Metaspace       used 26199K, capacity 26802K, committed 27008K, reserved 1073152K
  class space    used 2961K, capacity 3171K, committed 3200K, reserved 1048576K
}

